# JRE version: Java(TM) SE Runtime Environment (8.0_73-b02) (build 1.8.0_73-b02)
# Java VM: Java HotSpot(TM) 64-Bit Server VM (25.73-b02 mixed mode linux-amd64 compressed oops)
Heap:
 PSYoungGen      total 153088K, used 3521K [0x00000000f5580000, 0x0000000100000000, 0x0000000100000000)
  eden space 131584K, 2% used [0x00000000f5580000,0x00000000f58f07a0,0x00000000fd600000)
  from space 21504K, 0% used [0x00000000feb00000,0x00000000feb00000,0x0000000100000000)
  to   space 21504K, 0% used [0x00000000fd600000,0x00000000fd600000,0x00000000feb00000)
 ParOldGen       total 349696K, used 16715K [0x00000000e0000000, 0x00000000f5580000, 0x00000000f5580000)
  object space 349696K, 4% used [0x00000000e0000000,0x00000000e1052e88,0x00000000f5580000)
 Metaspace       used 35317K, capacity 35624K, committed 35800K, reserved 1079296K
  class space    used 5439K, capacity 5548K, committed 5632K, reserved 1048576K
GC Heap History (8 events):
Event: 0.988 GC heap before
{Heap before GC invocations=1 (full 0):
 PSYoungGen      total 153088K, used 100195K [0x00000000f5580000, 0x0000000100000000, 0x0000000100000000)
  eden space 131584K, 76% used [0x00000000f5580000,0x00000000fb758e30,0x00000000fd600000)
  from space 21504K, 0% used [0x00000000feb00000,0x00000000feb00000,0x0000000100000000)
  to   space 21504K, 0% used [0x00000000fd600000,0x00000000fd600000,0x00000000feb00000)
 ParOldGen       total 349696K, used 0K [0x00000000e0000000, 0x00000000f5580000, 0x00000000f5580000)
  object space 349696K, 0% used [0x00000000e0000000,0x00000000e0000000,0x00000000f5580000)
 Metaspace       used 20968K, capacity 21158K, committed 21248K, reserved 1067008K
  class space    used 3217K, capacity 3300K, committed 3328K, reserved 1048576K
Event: 0.996 GC heap after
Heap after GC invocations=1 (full 0):
 PSYoungGen      total 153088K, used 15592K [0x00000000f5580000, 0x0000000100000000, 0x0000000100000000)
  eden space 131584K, 0% used [0x00000000f5580000,0x00000000f5580000,0x00000000fd600000)
  from space 21504K, 72% used [0x00000000fd600000,0x00000000fe53a210,0x00000000feb00000)
  to   space 21504K, 0% used [0x00000000feb00000,0x00000000feb00000,0x0000000100000000)
 ParOldGen       total 349696K, used 88K [0x00000000e0000000, 0x00000000f5580000, 0x00000000f5580000)
  object space 349696K, 0% used [0x00000000e0000000,0x00000000e0016028,0x00000000f5580000)
 Metaspace       used 20968K, capacity 21158K, committed 21248K, reserved 1067008K
  class space    used 3217K, capacity 3300K, committed 3328K, reserved 1048576K
}
Event: 0.996 GC heap before
{Heap before GC invocations=2 (full 1):
 PSYoungGen      total 153088K, used 15592K [0x00000000f5580000, 0x0000000100000000, 0x0000000100000000)
  eden space 131584K, 0% used [0x00000000f5580000,0x00000000f5580000,0x00000000fd600000)
  from space 21504K, 72% used [0x00000000fd600000,0x00000000fe53a210,0x00000000feb00000)
  to   space 21504K, 0% used [0x00000000feb00000,0x00000000feb00000,0x0000000100000000)
 ParOldGen       total 349696K, used 88K [0x00000000e0000000, 0x00000000f5580000, 0x00000000f5580000)
  object space 349696K, 0% used [0x00000000e0000000,0x00000000e0016028,0x00000000f5580000)
 Metaspace       used 20968K, capacity 21158K, committed 21248K, reserved 1067008K
  class space    used 3217K, capacity 3300K, committed 3328K, reserved 1048576K
Event: 1.015 GC heap after
Heap after GC invocations=2 (full 1):
 PSYoungGen      total 153088K, used 0K [0x00000000f5580000, 0x0000000100000000, 0x0000000100000000)
  eden space 131584K, 0% used [0x00000000f5580000,0x00000000f5580000,0x00000000fd600000)
  from space 21504K, 0% used [0x00000000fd600000,0x00000000fd600000,0x00000000feb00000)
  to   space 21504K, 0% used [0x00000000feb00000,0x00000000feb00000,0x0000000100000000)
 ParOldGen       total 349696K, used 14781K [0x00000000e0000000, 0x00000000f5580000, 0x00000000f5580000)
  object space 349696K, 4% used [0x00000000e0000000,0x00000000e0e6f7e0,0x00000000f5580000)
 Metaspace       used 20968K, capacity 21158K, committed 21248K, reserved 1067008K
  class space    used 3217K, capacity 3300K, committed 3328K, reserved 1048576K
}
Event: 1.907 GC heap before
{Heap before GC invocations=3 (full 1):
 PSYoungGen      total 153088K, used 72622K [0x00000000f5580000, 0x0000000100000000, 0x0000000100000000)
  eden space 131584K, 55% used [0x00000000f5580000,0x00000000f9c6baa8,0x00000000fd600000)
  from space 21504K, 0% used [0x00000000fd600000,0x00000000fd600000,0x00000000feb00000)
  to   space 21504K, 0% used [0x00000000feb00000,0x00000000feb00000,0x0000000100000000)
 ParOldGen       total 349696K, used 14781K [0x00000000e0000000, 0x00000000f5580000, 0x00000000f5580000)
  object space 349696K, 4% used [0x00000000e0000000,0x00000000e0e6f7e0,0x00000000f5580000)
 Metaspace       used 35102K, capacity 35368K, committed 35416K, reserved 1079296K
  class space    used 5415K, capacity 5484K, committed 5504K, reserved 1048576K
Event: 1.914 GC heap after
Heap after GC invocations=3 (full 1):
 PSYoungGen      total 153088K, used 13445K [0x00000000f5580000, 0x0000000100000000, 0x0000000100000000)
  eden space 131584K, 0% used [0x00000000f5580000,0x00000000f5580000,0x00000000fd600000)
  from space 21504K, 62% used [0x00000000feb00000,0x00000000ff8216c8,0x0000000100000000)
  to   space 21504K, 0% used [0x00000000fd600000,0x00000000fd600000,0x00000000feb00000)
 ParOldGen       total 349696K, used 14789K [0x00000000e0000000, 0x00000000f5580000, 0x00000000f5580000)
  object space 349696K, 4% used [0x00000000e0000000,0x00000000e0e717e0,0x00000000f5580000)
 Metaspace       used 35102K, capacity 35368K, committed 35416K, reserved 1079296K
  class space    used 5415K, capacity 5484K, committed 5504K, reserved 1048576K
}
Event: 1.914 GC heap before
{Heap before GC invocations=4 (full 2):
 PSYoungGen      total 153088K, used 13445K [0x00000000f5580000, 0x0000000100000000, 0x0000000100000000)
  eden space 131584K, 0% used [0x00000000f5580000,0x00000000f5580000,0x00000000fd600000)
  from space 21504K, 62% used [0x00000000feb00000,0x00000000ff8216c8,0x0000000100000000)
  to   space 21504K, 0% used [0x00000000fd600000,0x00000000fd600000,0x00000000feb00000)
 ParOldGen       total 349696K, used 14789K [0x00000000e0000000, 0x00000000f5580000, 0x00000000f5580000)
  object space 349696K, 4% used [0x00000000e0000000,0x00000000e0e717e0,0x00000000f5580000)
 Metaspace       used 35102K, capacity 35368K, committed 35416K, reserved 1079296K
  class space    used 5415K, capacity 5484K, committed 5504K, reserved 1048576K
Event: 1.939 GC heap after
Heap after GC invocations=4 (full 2):
 PSYoungGen      total 153088K, used 0K [0x00000000f5580000, 0x0000000100000000, 0x0000000100000000)
  eden space 131584K, 0% used [0x00000000f5580000,0x00000000f5580000,0x00000000fd600000)
  from space 21504K, 0% used [0x00000000feb00000,0x00000000feb00000,0x0000000100000000)
  to   space 21504K, 0% used [0x00000000fd600000,0x00000000fd600000,0x00000000feb00000)
 ParOldGen       total 349696K, used 16715K [0x00000000e0000000, 0x00000000f5580000, 0x00000000f5580000)
  object space 349696K, 4% used [0x00000000e0000000,0x00000000e1052e88,0x00000000f5580000)
 Metaspace       used 35102K, capacity 35368K, committed 35416K, reserved 1079296K
  class space    used 5415K, capacity 5484K, committed 5504K, reserved 1048576K
}

